[debug] [2022-08-07T12:08:17.137Z] ----------------------------------------------------------------------
[debug] [2022-08-07T12:08:17.140Z] Command:       C:\Program Files\nodejs\node.exe C:\Users\user\AppData\Roaming\npm\node_modules\firebase-tools\lib\bin\firebase.js init
[debug] [2022-08-07T12:08:17.141Z] CLI Version:   11.4.2
[debug] [2022-08-07T12:08:17.141Z] Platform:      win32
[debug] [2022-08-07T12:08:17.141Z] Node Version:  v16.13.2
[debug] [2022-08-07T12:08:17.143Z] Time:          Sun Aug 07 2022 17:38:17 GMT+0530 (India Standard Time)
[debug] [2022-08-07T12:08:17.143Z] ----------------------------------------------------------------------
[debug] 
[debug] [2022-08-07T12:08:17.148Z] >>> [apiv2][query] GET https://firebase-public.firebaseio.com/cli.json [none]
[debug] [2022-08-07T12:08:17.189Z] > command requires scopes: ["email","openid","https://www.googleapis.com/auth/cloudplatformprojects.readonly","https://www.googleapis.com/auth/firebase","https://www.googleapis.com/auth/cloud-platform"]
[debug] [2022-08-07T12:08:17.189Z] > authorizing via signed-in user (virtualettin586@gmail.com)
[info] 
     ######## #### ########  ######## ########     ###     ######  ########
     ##        ##  ##     ## ##       ##     ##  ##   ##  ##       ##
     ######    ##  ########  ######   ########  #########  ######  ######
     ##        ##  ##    ##  ##       ##     ## ##     ##       ## ##
     ##       #### ##     ## ######## ########  ##     ##  ######  ########

You're about to initialize a Firebase project in this directory:

  E:\Projects\ReactJs\JBook-master\packages\local-client

[debug] [2022-08-07T12:08:17.785Z] <<< [apiv2][status] GET https://firebase-public.firebaseio.com/cli.json 200
[debug] [2022-08-07T12:08:17.786Z] <<< [apiv2][body] GET https://firebase-public.firebaseio.com/cli.json {"cloudBuildErrorAfter":1594252800000,"cloudBuildWarnAfter":1590019200000,"defaultNode10After":1594252800000,"minVersion":"3.0.5","node8DeploysDisabledAfter":1613390400000,"node8RuntimeDisabledAfter":1615809600000,"node8WarnAfter":1600128000000}
